<?xml version="1.0" encoding="UTF-8"?>
<!-- Generated by org.testng.reporters.JUnitReportReporter -->
<testsuite hostname="DESKTOP-S5A2331" name="test.Practice" tests="1" failures="0" timestamp="24 Aug 2017 14:49:41 GMT" time="11.265" errors="0">
  <testcase name="testAuto" time="11.265" classname="test.Practice"/>
</testsuite> <!-- test.Practice -->
